{
  "stats": {
    "suites": 1,
    "tests": 1,
    "passes": 0,
    "pending": 0,
    "failures": 1,
    "start": "2026-04-14T22:01:54.435Z",
    "end": "2026-04-14T22:02:25.126Z",
    "duration": 30691,
    "testsRegistered": 1,
    "passPercent": 0,
    "pendingPercent": 0,
    "other": 0,
    "hasOther": false,
    "skipped": 0,
    "hasSkipped": false
  },
  "results": [
    {
      "uuid": "6432d362-a3c0-4bf9-a42e-f741cf37f87e",
      "title": "",
      "fullFile": "cypress\\e2e\\api-mensagens.cy.js",
      "file": "cypress\\e2e\\api-mensagens.cy.js",
      "beforeHooks": [],
      "afterHooks": [],
      "tests": [],
      "suites": [
        {
          "uuid": "0875d2e3-caa4-4be9-9911-8d08a3781952",
          "title": "Api Adopet",
          "fullFile": "",
          "file": "",
          "beforeHooks": [],
          "afterHooks": [],
          "tests": [
            {
              "title": "Mensagens da API",
              "fullTitle": "Api Adopet Mensagens da API",
              "timedOut": null,
              "duration": 30361,
              "state": "failed",
              "speed": null,
              "pass": false,
              "fail": true,
              "pending": false,
              "context": null,
              "code": "cy.request({\n  method: 'GET',\n  url: 'https://adopet-api-i8qu.onrender.com/mensagem/11643cd6-7112-415b-95d2-07904b0d1a1c',\n  headers: {\n    authorization\n  }\n}).then(res => {\n  expect(res.status).to.be.equal(200);\n  expect(res.body).is.not.empty;\n  expect(res.body).to.have.property('msg');\n});",
              "err": {
                "message": "CypressError: `cy.request()` timed out waiting `30000ms` for a response from your server.\n\nThe request we sent was:\n\nMethod: GET\nURL: https://adopet-api-i8qu.onrender.com/mensagem/11643cd6-7112-415b-95d2-07904b0d1a1c\n\nNo response was received within the timeout.\n\nhttps://on.cypress.io/request",
                "estack": "CypressError: `cy.request()` timed out waiting `30000ms` for a response from your server.\n\nThe request we sent was:\n\nMethod: GET\nURL: https://adopet-api-i8qu.onrender.com/mensagem/11643cd6-7112-415b-95d2-07904b0d1a1c\n\nNo response was received within the timeout.\n\nhttps://on.cypress.io/request\n    at <unknown> (http://localhost:57782/__cypress/runner/cypress_runner.js:133045:70)\n    at tryCatcher (http://localhost:57782/__cypress/runner/cypress_runner.js:1807:23)\n    at <unknown> (http://localhost:57782/__cypress/runner/cypress_runner.js:4186:41)\n    at tryCatcher (http://localhost:57782/__cypress/runner/cypress_runner.js:1807:23)\n    at Promise._settlePromiseFromHandler (http://localhost:57782/__cypress/runner/cypress_runner.js:1519:31)\n    at Promise._settlePromise (http://localhost:57782/__cypress/runner/cypress_runner.js:1576:18)\n    at Promise._settlePromise0 (http://localhost:57782/__cypress/runner/cypress_runner.js:1621:10)\n    at Promise._settlePromises (http://localhost:57782/__cypress/runner/cypress_runner.js:1697:18)\n    at _drainQueueStep (http://localhost:57782/__cypress/runner/cypress_runner.js:2407:12)\n    at _drainQueue (http://localhost:57782/__cypress/runner/cypress_runner.js:2400:9)\n    at Async._drainQueues (http://localhost:57782/__cypress/runner/cypress_runner.js:2416:5)\n    at Async.drainQueues (http://localhost:57782/__cypress/runner/cypress_runner.js:2286:14)\nFrom Your Spec Code:\n    at Context.eval (webpack://carreira-qa-processos-e-automacao-de-testes/./cypress/e2e/api-mensagens.cy.js:5:7)",
                "diff": null
              },
              "uuid": "1547b4b7-d914-4ba9-8694-44877ae5686e",
              "parentUUID": "0875d2e3-caa4-4be9-9911-8d08a3781952",
              "isHook": false,
              "skipped": false
            }
          ],
          "suites": [],
          "passes": [],
          "failures": [
            "1547b4b7-d914-4ba9-8694-44877ae5686e"
          ],
          "pending": [],
          "skipped": [],
          "duration": 30361,
          "root": false,
          "rootEmpty": false,
          "_timeout": 2000
        }
      ],
      "passes": [],
      "failures": [],
      "pending": [],
      "skipped": [],
      "duration": 0,
      "root": true,
      "rootEmpty": true,
      "_timeout": 2000
    }
  ],
  "meta": {
    "mocha": {
      "version": "7.0.1"
    },
    "mochawesome": {
      "options": {
        "quiet": false,
        "reportFilename": "mochawesome",
        "saveHtml": true,
        "saveJson": true,
        "consoleReporter": "spec",
        "useInlineDiffs": false,
        "code": true
      },
      "version": "7.1.4"
    },
    "marge": {
      "options": {
        "reportDir": "cypress/results",
        "overwrite": false,
        "html": true,
        "json": true,
        "timestamp": "mmddyyyy_HHMMss"
      },
      "version": "6.3.2"
    }
  }
}